GET / 200 69 - 2.210 ms
GET / 200 69 - 5.122 ms
POST /api/login-local 400 - - 1.454 ms
POST /api/login-local 500 2857 - 39.129 ms
POST /api/login-local 500 2840 - 60.339 ms
POST /api/login-local 200 749 - 203.019 ms
POST /api/login-local 200 737 - 297.657 ms
POST /api/login-local 200 737 - 203.128 ms
GET / 200 69 - 1.486 ms
POST /api/login-local 200 737 - 516.223 ms
POST /api/login-local 200 234 - 128.521 ms
POST /api/login-local 401 - - 122.685 ms
POST /api/login-local 401 - - 131.418 ms
POST /api/login-local 401 - - 85.035 ms
POST /api/login-local 500 142 - 132.640 ms
POST /api/login-local 500 142 - 108.780 ms
POST /api/login-local 500 142 - 137.324 ms
POST /api/login-local 500 142 - 109.834 ms
POST /api/login-local 500 142 - 142.627 ms
POST /api/login-local 500 142 - 201.213 ms
POST /api/login-local 401 - - 143.131 ms
POST /api/login-local 500 142 - 160.654 ms
POST /api/login-local 401 - - 137.587 ms
POST /api/login-local 401 - - 142.280 ms
POST /api/login-local 401 - - 146.672 ms
POST /api/login-local 401 - - 114.691 ms
POST /api/login-local 500 142 - 135.244 ms
POST /api/login-local 401 - - 132.125 ms
POST /api/login-local 401 - - 125.085 ms
POST /api/login-local 401 - - 169.420 ms
POST /api/login-local 500 142 - 134.490 ms
POST /api/login-local 500 135 - 135.784 ms
POST /api/login-local 500 142 - 129.428 ms
POST /api/login-local 500 142 - 129.017 ms
POST /api/login-local 500 142 - 134.512 ms
POST /api/login-local 500 142 - 121.503 ms
POST /api/login-local 500 142 - 157.619 ms
POST /api/login-local 500 142 - 134.729 ms
POST /api/login-local 401 - - 140.528 ms
POST /api/login-local - - - - ms
POST /api/login-local - - - - ms
POST /api/login-local 304 - - 137.534 ms
POST /api/login-local 304 - - 190.109 ms
POST /api/login-local 305 3 - 130.191 ms
POST /api/login-local 500 3 - 131.422 ms
POST /api/login-local 500 17 - 133.157 ms
POST /api/login-local 200 135 - 131.183 ms
POST /api/login-local 200 135 - 125.135 ms
POST /api/login-local 200 135 - 132.701 ms
POST /api/login-local 200 135 - 120.237 ms
POST /api/login-local 404 71 - 154.287 ms
POST /api/login-local 200 764 - 142.712 ms
GET / 200 764 - 2.874 ms
POST /api/login/local 400 63 - 169.976 ms
POST /api/login/local 200 690 - 89.166 ms
POST /api/login/local 200 690 - 115.773 ms
POST /api/login/local 200 690 - 140.212 ms
GET / 200 582 - 2.819 ms
POST /api/login/local 200 507 - 806.095 ms
POST /api/login/local 200 507 - 135.148 ms
POST /api/login/local 200 507 - 134.178 ms
GET / 200 582 - 2.703 ms
GET / 200 765 - 3.941 ms
GET / 200 69 - 2.514 ms
GET / 200 139 - 55.147 ms
GET / 200 69 - 2.559 ms
GET /api/auth/login 404 153 - 2.885 ms
GET /api/auth/login 404 153 - 1.222 ms
POST /api/auth/login 200 282 - 140.332 ms
POST /api/auth/login 200 291 - 128.948 ms
POST /api/auth/login 200 291 - 103.240 ms
POST /api/auth/login 200 291 - 119.167 ms
POST /api/auth/login 200 768 - 149.834 ms
GET /api/auth/register-customer 404 165 - 2.410 ms
POST /api/auth/register-customer 400 90 - 69.563 ms
POST /api/auth/register-customer 401 73 - 73.010 ms
POST /api/auth/register-customer 401 73 - 67.945 ms
POST /api/auth/register-customer 401 73 - 99.428 ms
POST /api/auth/register-customer 402 84 - 154.930 ms
POST /api/auth/register-customer 200 94 - 248.354 ms
POST /api/auth/login 200 768 - 148.365 ms
POST /api/auth/login 401 74 - 73.942 ms
POST /api/auth/login 200 768 - 108.862 ms
POST /api/auth/logout 200 52 - 31.801 ms
POST /api/auth/login 200 800 - 149.567 ms
GET / 200 357 - 2.393 ms
GET / 200 1335 - 3.146 ms
GET /api/secretaries 200 491 - 70.431 ms
GET /api/secretaries/s/cUhnmmXt1WkbHg 200 489 - 27.448 ms
GET /api/secretaries 200 491 - 32.198 ms
GET /api/secretaries/s/cUhnmmXt1WkbHg1 200 331 - 60.320 ms
GET /api/secretaries/s/cUhnmmXt1WkbHg 200 489 - 57.601 ms
GET /api/travel-agents 200 2 - 49.203 ms
GET /api/customers 200 339 - 63.641 ms
GET /api/customers/c/9!uyrCH5Yby@1z - - - - ms
GET /api/customers/c/9!uyrCH5Yby@1z 200 337 - 236.804 ms
GET /api/customers/c/9!uyrCH5Yby@1z 200 337 - 106.291 ms
GET /api/customers/c/9!uyrCH5Yby@1z 200 353 - 64.116 ms
GET /api/customers 200 355 - 30.334 ms
GET /api/customers/c/9!uyrCH5Yby@1z 200 353 - 25.425 ms
POST /api/secretaries 404 155 - 7.249 ms
GET /api/secretaries 200 491 - 58.313 ms
GET /hash?h=1305 200 71 - 82.723 ms
GET /api/secretaries/new 404 158 - 0.721 ms
POST /api/secretaries/new 400 90 - 38.961 ms
POST /api/secretaries/new 400 90 - 63.326 ms
POST /api/secretaries/new 402 84 - 110.003 ms
POST /api/secretaries/new 500 105 - 215.854 ms
POST /api/secretaries/new 500 90 - 283.168 ms
POST /api/secretaries/new 500 90 - 302.750 ms
POST /api/secretaries/new 500 90 - 286.393 ms
POST /api/secretaries/new 500 90 - 285.545 ms
POST /api/secretaries/new 500 90 - 298.668 ms
POST /api/secretaries/new 401 73 - 54.567 ms
POST /api/secretaries/new 500 90 - 227.527 ms
POST /api/secretaries/new 500 90 - 294.855 ms
POST /api/secretaries/new 500 90 - 282.327 ms
POST /api/secretaries/new 200 96 - 1515.587 ms
POST /api/secretaries/new 200 96 - 1431.547 ms
POST /api/secretaries/new 200 96 - 1207.882 ms
POST /api/secretaries/new 200 96 - 1680.376 ms
POST /api/secretaries/new 200 96 - 1112.979 ms
POST /api/secretaries/new 200 96 - 1144.325 ms
POST /api/secretaries/new 200 96 - 1207.761 ms
POST /api/secretaries/new 200 96 - 1157.488 ms
POST /api/secretaries/new 200 96 - 1265.898 ms
POST /api/secretaries/new 200 96 - 4532.617 ms
POST /api/secretaries/new 200 96 - 1114.708 ms
GET / 200 69 - 3.322 ms
POST /api/auth/login 200 800 - 174.133 ms
GET / 200 69 - 2.988 ms
GET /favicon.ico 404 150 - 2.521 ms
GET / 200 69 - 1.047 ms
GET / 200 1335 - 2.131 ms
POST /api/secretaries/new 200 96 - 1229.338 ms
POST /api/secretaries/new 200 96 - 1201.297 ms
GET /api/plans 200 1707 - 66.123 ms
GET /favicon.ico 404 150 - 3.580 ms
GET /api/plans 200 1707 - 26.649 ms
POST /api/auth/login 200 800 - 132.973 ms
GET /api/plans 200 1707 - 26.520 ms
GET /api/travel-agents 200 548 - 27.370 ms
GET /api/plans 200 1707 - 31.098 ms
GET /api/plans 200 1707 - 28.948 ms
GET /api/plans 200 1707 - 26.716 ms
GET /api/plans/p/M-9Iqw 200 1705 - 31.522 ms
GET /api/customers 200 458 - 29.107 ms
GET /api/plans/p/M-9Iqw 200 1705 - 27.801 ms
GET /api/customers 200 458 - 26.529 ms
GET /api/travel-agents 200 548 - 29.647 ms
GET /api/plans 200 1707 - 25.661 ms
GET /api/plans 200 1707 - 60.218 ms
GET /api/plans 200 1707 - 26.744 ms
GET /api/plans 200 1707 - 31.827 ms
GET /api/plans 200 1707 - 29.733 ms
GET /api/plans 200 1707 - 26.727 ms
GET /api/plans 200 1707 - 28.572 ms
GET /api/plans 200 1707 - 28.920 ms
GET /api/bookings/pl/M-9Iqw 200 2443 - 34.154 ms
GET /api/plans 200 1707 - 30.475 ms
GET /api/plans 200 1707 - 26.314 ms
GET /api/plans 200 1707 - 28.667 ms
GET /api/plans 200 1707 - 30.944 ms
GET /api/plans 200 1707 - 27.207 ms
GET /api/plans 200 1707 - 29.310 ms
GET /api/plans 200 1707 - 27.687 ms
GET /api/bookings/pl/M-9Iqw 200 2443 - 32.029 ms
GET /api/bookings/pl/M-9Iqw 200 2443 - 28.297 ms
GET /api/bookings/pl/M-9Iqw 200 2443 - 25.461 ms
GET /api/bookings/pl/M-9Iqw 200 2443 - 30.275 ms
GET /api/plans 200 1707 - 29.446 ms
GET /api/plans 200 1707 - 26.450 ms
GET /api/plans 200 1707 - 27.213 ms
GET /api/plans 200 1707 - 26.630 ms
GET /api/plans 200 1707 - 28.041 ms
GET /api/bookings/pl/M-9Iqw 200 2443 - 29.166 ms
GET /api/bookings/pl/M-9Iqw 200 2443 - 29.006 ms
GET /api/plans 200 1707 - 33.285 ms
GET /api/plans 200 1707 - 32.656 ms
GET /api/plans 200 1707 - 27.476 ms
GET /api/plans 200 1707 - 27.976 ms
GET /api/plans 200 1707 - 30.959 ms
GET /api/plans 200 1707 - 26.057 ms
GET /api/bookings/pl/M-9Iqw 200 2443 - 26.733 ms
GET /api/travel-agents 200 548 - 192.714 ms
GET /api/plans 200 1707 - 26.016 ms
GET /api/plans 200 1707 - 25.663 ms
GET /api/plans 200 1707 - 62.870 ms
GET /api/plans 200 1707 - 29.877 ms
GET /api/plans 200 1707 - 25.810 ms
GET /api/plans 200 1707 - 28.407 ms
GET /api/plans 200 1707 - 28.933 ms
GET /api/plans 200 1707 - 39.353 ms
GET /api/plans 200 1707 - 35.425 ms
GET /api/plans 200 1707 - 81.237 ms
GET /api/plans 200 1707 - 31.534 ms
GET /api/plans 200 1707 - 26.488 ms
GET /api/plans 200 1707 - 27.441 ms
POST /api/plans/new 401 61 - 0.823 ms
POST /api/auth/login 200 800 - 202.567 ms
POST /api/plans/new 200 61 - 29.832 ms
GET /api/plans 200 3418 - 28.686 ms
GET /api/plans 200 3418 - 27.398 ms
GET /api/plans 200 3418 - 28.154 ms
GET /api/plans 200 3418 - 30.664 ms
DELETE //api/plans/p/Bvlsay 404 161 - 5.134 ms
GET /api/plans 200 3418 - 30.721 ms
DELETE /api/plans/p/Bvlsay 401 61 - 1.142 ms
GET /api/plans 200 3418 - 62.036 ms
DELETE /api/plans/p/Bvlsay 200 34 - 36.133 ms
GET /api/plans 200 1707 - 68.147 ms
GET /api/plans 200 1707 - 28.139 ms
GET /api/plans 200 1707 - 26.313 ms
GET /api/plans 200 1707 - 28.850 ms
GET /api/plans 200 1707 - 29.829 ms
GET /api/plans 200 1707 - 29.520 ms
GET /api/plans 200 1707 - 65.191 ms
GET /api/plans 200 1707 - 34.347 ms
GET /api/plans 200 1707 - 29.560 ms
GET /api/plans 200 1707 - 27.680 ms
GET /api/plans 200 1707 - 27.931 ms
GET /api/plans 200 1707 - 27.546 ms
GET /api/plans 200 1707 - 29.310 ms
GET /api/bookings/pl/M-9Iqw 200 2443 - 1697.732 ms
GET /api/plans 200 1707 - 27.177 ms
GET /api/bookings/pl/M-9Iqw 200 2443 - 28.996 ms
GET /api/plans 200 1707 - 30.343 ms
GET /api/bookings/pl/M-9Iqw 200 2443 - 29.954 ms
GET /api/plans 200 1707 - 28.243 ms
GET /api/bookings/pl/M-9Iqw 200 2443 - 28.935 ms
GET /api/bookings/pl/M-9Iqw 200 2443 - 26.504 ms
GET /api/plans 200 1707 - 28.959 ms
GET /api/plans 200 1707 - 26.397 ms
GET /api/plans 200 1707 - 71.285 ms
GET /api/plans 200 1707 - 29.062 ms
GET /api/plans 200 1707 - 34.995 ms
GET /api/plans 200 1707 - 29.813 ms
GET /api/plans 200 1707 - 28.078 ms
GET /api/bookings/pl/M-9Iqw 200 2443 - 31.980 ms
GET /api/travel-agents 200 548 - 25.838 ms
GET /api/plans 200 1707 - 30.800 ms
GET /api/plans 200 1707 - 33.086 ms
GET /api/plans 200 1707 - 32.881 ms
GET /api/plans 200 1707 - 26.980 ms
GET /api/plans 200 1707 - 31.173 ms
GET /api/plans 200 1707 - 28.036 ms
GET /api/plans 200 1707 - 27.627 ms
GET /api/plans 200 1707 - 28.739 ms
GET /api/plans 200 1707 - 29.327 ms
GET /api/plans 200 1707 - 30.190 ms
GET /api/plans 200 1707 - 28.693 ms
GET /api/plans 200 1707 - 26.584 ms
GET /api/plans 200 1707 - 34.599 ms
GET /api/plans 200 1707 - 30.152 ms
GET /api/plans 200 1707 - 32.411 ms
GET /api/plans 200 1707 - 27.108 ms
GET /api/plans 200 1707 - 30.484 ms
GET /api/plans 200 1707 - 26.863 ms
GET /api/plans 200 1707 - 26.829 ms
GET /api/plans 200 1707 - 28.678 ms
GET /api/plans 200 1707 - 27.828 ms
GET /api/plans 200 1707 - 105.161 ms
GET /api/plans 200 1707 - 34.818 ms
GET /api/plans 200 1707 - 30.366 ms
GET /api/plans 200 1707 - 27.981 ms
GET /api/plans 200 1707 - 31.488 ms
GET /api/accommodations 200 402 - 61.131 ms
GET /api/plans 200 1707 - 26.633 ms
GET /api/accommodations 200 402 - 29.522 ms
GET /api/plans 200 1707 - 31.017 ms
GET /api/accommodations 200 402 - 27.115 ms
GET /api/plans 200 1707 - 27.825 ms
GET /api/accommodations 200 402 - 26.718 ms
GET /api/plans 200 1707 - 26.612 ms
GET /api/accommodations 200 402 - 26.922 ms
GET /api/plans 200 1707 - 32.516 ms
GET /api/accommodations 200 402 - 26.408 ms
GET /api/plans 200 1707 - 29.125 ms
GET /api/accommodations 200 402 - 25.586 ms
GET /api/plans 200 1707 - 31.209 ms
GET /api/accommodations 200 402 - 28.217 ms
GET /api/plans 200 1707 - 29.660 ms
GET /api/accommodations 200 402 - 30.721 ms
GET /api/plans 200 1707 - 30.641 ms
GET /api/accommodations 200 402 - 25.165 ms
GET /api/plans 200 1707 - 29.615 ms
GET /api/accommodations 200 402 - 29.133 ms
GET /api/plans 200 1707 - 28.147 ms
GET /api/accommodations 200 402 - 28.490 ms
GET /api/plans 200 1707 - 27.602 ms
GET /api/accommodations 200 402 - 27.947 ms
GET /api/plans 200 1707 - 34.084 ms
GET /api/accommodations 200 402 - 26.763 ms
GET /api/plans 200 1707 - 55.874 ms
GET /api/accommodations 200 402 - 50.261 ms
GET /api/plans 200 1707 - 26.886 ms
GET /api/accommodations 200 402 - 25.718 ms
GET /api/plans 200 1707 - 26.809 ms
GET /api/accommodations 200 402 - 28.067 ms
GET /api/plans 200 1707 - 29.398 ms
GET /api/accommodations 200 402 - 27.108 ms
GET /api/plans 200 1707 - 25.969 ms
GET /api/accommodations 200 402 - 24.196 ms
GET /api/plans 200 1707 - 25.892 ms
GET /api/accommodations 200 402 - 25.867 ms
GET /api/plans 200 1707 - 29.234 ms
GET /api/accommodations 200 402 - 26.219 ms
GET /api/plans 200 1707 - 26.761 ms
GET /api/accommodations 200 402 - 25.454 ms
GET /api/plans 200 1707 - 27.979 ms
GET /api/accommodations 200 402 - 27.513 ms
GET /api/plans 200 1707 - 34.870 ms
GET /api/accommodations 200 402 - 27.340 ms
GET /api/plans 200 1707 - 28.268 ms
GET /api/accommodations 200 402 - 26.740 ms
GET /api/plans 200 1707 - 25.587 ms
GET /api/accommodations 200 402 - 26.958 ms
GET /api/plans 200 1707 - 38.800 ms
GET /api/accommodations 200 402 - 37.487 ms
GET /api/plans 200 1707 - 28.038 ms
GET /api/accommodations 200 402 - 26.790 ms
GET /api/plans 200 1707 - 28.289 ms
GET /api/accommodations 200 402 - 28.023 ms
GET /api/plans 200 1707 - 27.453 ms
GET /api/accommodations 200 402 - 26.809 ms
GET /api/plans 200 1707 - 32.569 ms
GET /api/accommodations 200 402 - 30.729 ms
GET /api/plans 200 1707 - 72.695 ms
GET /api/plans 200 1707 - 28.780 ms
GET /api/accommodations 200 402 - 52.069 ms
GET /api/plans 200 1707 - 58.387 ms
GET /api/accommodations 200 402 - 58.837 ms
GET /api/plans 200 1707 - 33.102 ms
GET /api/accommodations 200 402 - 26.703 ms
POST /api/plans/new 500 34 - 63.749 ms
GET /api/plans 200 1707 - 38.131 ms
GET /api/accommodations 200 402 - 64.341 ms
GET /api/plans 200 1707 - 31.418 ms
GET /api/accommodations 200 402 - 31.706 ms
POST /api/plans/new 500 34 - 28.359 ms
POST /api/plans/new 500 34 - 60.980 ms
POST /api/plans/new 500 34 - 61.670 ms
POST /api/plans/new 400 81 - 66.067 ms
POST /api/plans/new 400 81 - 56.864 ms
POST /api/plans/new 500 304 - 107.672 ms
POST /api/plans/new 500 305 - 102.165 ms
POST /api/plans/new 200 61 - 58.128 ms
GET /api/plans 200 3334 - 46.047 ms
GET /api/accommodations 200 402 - 60.719 ms
DELETE /api/plans/p/xJ1z_C 200 34 - 31.599 ms
GET /api/plans 200 1707 - 30.506 ms
GET /api/accommodations 200 402 - 27.525 ms
GET /api/plans 200 1707 - 28.464 ms
GET /api/plans 200 1707 - 30.487 ms
GET /api/plans 200 1707 - 28.730 ms
GET /api/accommodations 200 402 - 28.553 ms
GET /api/plans 200 1707 - 31.236 ms
GET /api/accommodations 200 402 - 32.113 ms
GET /api/plans 200 1707 - 33.369 ms
GET /api/accommodations 200 402 - 25.817 ms
GET /api/plans 200 1707 - 43.220 ms
GET /api/accommodations 200 402 - 43.906 ms
GET /api/plans 200 1707 - 29.158 ms
GET /api/accommodations 200 402 - 25.853 ms
GET /api/plans 200 1707 - 29.757 ms
GET /api/accommodations 200 402 - 27.797 ms
GET /api/plans 200 1707 - 28.484 ms
GET /api/accommodations 200 402 - 25.284 ms
GET /api/plans 200 1707 - 28.993 ms
GET /api/accommodations 200 402 - 25.923 ms
GET /api/plans 200 1707 - 27.717 ms
GET /api/accommodations 200 402 - 27.983 ms
GET /api/plans 200 1707 - 26.370 ms
GET /api/accommodations 200 402 - 25.278 ms
GET /api/plans 200 1707 - 26.116 ms
GET /api/accommodations 200 402 - 25.447 ms
GET /api/plans 200 1707 - 29.532 ms
GET /api/accommodations 200 402 - 26.945 ms
GET /api/plans 200 1707 - 28.380 ms
GET /api/accommodations 200 402 - 33.437 ms
GET /api/plans 200 1707 - 31.132 ms
GET /api/accommodations 200 402 - 27.994 ms
GET /api/plans 200 1707 - 27.153 ms
GET /api/accommodations 200 402 - 27.815 ms
GET /api/plans 200 1707 - 70.190 ms
GET /api/accommodations 200 402 - 65.615 ms
GET /api/plans 200 1707 - 27.806 ms
GET /api/accommodations 200 402 - 29.392 ms
GET /api/plans 200 1707 - 30.627 ms
GET /api/accommodations 200 402 - 28.137 ms
GET /api/plans 200 1707 - 32.755 ms
GET /api/accommodations 200 402 - 29.209 ms
GET /api/plans 200 1707 - 62.746 ms
GET /api/accommodations 200 402 - 61.339 ms
POST /api/places/new 401 61 - 1.199 ms
POST /api/places/new 400 34 - 67.689 ms
GET /api/plans 200 1707 - 35.312 ms
GET /api/accommodations 200 402 - 57.611 ms
POST /api/places/new 200 40 - 26.857 ms
GET /api/plans 200 1707 - 37.186 ms
GET /api/accommodations 200 402 - 32.599 ms
GET /api/places 200 326 - 27.491 ms
GET /api/plans 200 1707 - 34.527 ms
GET /api/accommodations 200 402 - 26.858 ms
GET /api/plans 200 1707 - 26.614 ms
GET /api/accommodations 200 402 - 26.072 ms
GET /api/plans 200 1707 - 33.238 ms
GET /api/accommodations 200 402 - 31.100 ms
GET /api/plans 200 1707 - 27.357 ms
GET /api/accommodations 200 402 - 25.170 ms
GET /api/plans 200 1707 - 28.368 ms
GET /api/accommodations 200 402 - 26.834 ms
GET /api/plans 200 1707 - 31.383 ms
GET /api/accommodations 200 402 - 27.833 ms
GET /api/plans 200 1707 - 26.029 ms
GET /api/accommodations 200 402 - 26.781 ms
GET /api/plans 200 1707 - 32.091 ms
GET /api/accommodations 200 402 - 28.346 ms
GET /api/plans 200 1707 - 26.849 ms
GET /api/accommodations 200 402 - 44.861 ms
GET /api/plans 200 1707 - 27.196 ms
GET /api/accommodations 200 402 - 26.765 ms
GET /api/plans 200 1707 - 29.223 ms
GET /api/accommodations 200 402 - 27.799 ms
GET /api/plans 200 1707 - 27.289 ms
GET /api/accommodations 200 402 - 28.853 ms
GET /api/plans 200 1707 - 31.675 ms
GET /api/accommodations 200 402 - 24.824 ms
GET /api/places 200 326 - 51.568 ms
GET /api/plans 200 1707 - 27.877 ms
GET /api/accommodations 200 402 - 25.827 ms
GET /api/places 200 326 - 27.979 ms
GET /api/plans 200 1707 - 29.911 ms
GET /api/accommodations 200 402 - 26.675 ms
GET /api/places 200 326 - 26.135 ms
GET /api/plans 200 1707 - 34.817 ms
GET /api/accommodations 200 402 - 31.359 ms
GET /api/places 200 326 - 29.773 ms
GET /api/plans 200 1707 - 26.159 ms
GET /api/accommodations 200 402 - 28.107 ms
GET /api/places 200 326 - 25.649 ms
GET /api/places 200 326 - 3754.469 ms
GET /api/accommodations 200 402 - 3762.044 ms
GET /api/plans 200 1707 - 3783.820 ms
GET /api/plans 200 1707 - 29.296 ms
GET /api/accommodations 200 402 - 28.621 ms
GET /api/places 200 326 - 26.063 ms
GET /api/plans 200 1707 - 28.685 ms
GET /api/accommodations 200 402 - 34.100 ms
GET /api/places 200 326 - 28.997 ms
GET /api/plans 200 1707 - 30.494 ms
GET /api/accommodations 200 402 - 25.679 ms
GET /api/places 200 326 - 24.774 ms
GET /api/plans 200 1707 - 29.348 ms
GET /api/places 200 326 - 27.348 ms
GET /api/accommodations 200 402 - 32.696 ms
GET /api/plans 200 1707 - 33.825 ms
GET /api/accommodations 200 402 - 34.019 ms
GET /api/places 200 326 - 33.485 ms
GET /api/plans 200 1707 - 30.330 ms
GET /api/accommodations 200 402 - 25.249 ms
GET /api/places 200 326 - 27.175 ms
GET /api/plans 200 1707 - 28.414 ms
GET /api/accommodations 200 402 - 27.023 ms
GET /api/places 200 326 - 26.719 ms
GET /api/plans 200 1707 - 29.629 ms
GET /api/accommodations 200 402 - 32.800 ms
GET /api/places 200 326 - 27.600 ms
GET /api/plans 200 1707 - 30.203 ms
GET /api/accommodations 200 402 - 27.580 ms
GET /api/places 200 326 - 25.736 ms
GET /api/plans 200 1707 - 27.023 ms
GET /api/accommodations 200 402 - 30.694 ms
GET /api/places 200 326 - 28.889 ms
GET /api/plans 200 1707 - 30.049 ms
GET /api/accommodations 200 402 - 28.884 ms
GET /api/places 200 326 - 35.253 ms
GET /api/plans 200 1707 - 33.526 ms
GET /api/accommodations 200 402 - 27.851 ms
GET /api/places 200 326 - 32.332 ms
GET /api/plans 200 1707 - 28.461 ms
GET /api/accommodations 200 402 - 26.020 ms
GET /api/places 200 326 - 28.350 ms
GET /api/plans 200 1707 - 1631.991 ms
GET /api/accommodations 200 402 - 1604.683 ms
GET /api/places 200 326 - 1602.097 ms
GET /api/plans 200 1707 - 27.904 ms
GET /api/accommodations 200 402 - 26.221 ms
GET /api/places 200 326 - 28.774 ms
GET /api/plans 200 1707 - 27.529 ms
GET /api/accommodations 200 402 - 26.168 ms
GET /api/places 200 326 - 25.567 ms
GET /api/plans 200 1707 - 25.530 ms
GET /api/accommodations 200 402 - 27.265 ms
GET /api/places 200 326 - 33.380 ms
GET /api/plans 200 1707 - 27.577 ms
GET /api/accommodations 200 402 - 25.053 ms
GET /api/places 200 326 - 26.115 ms
GET /api/plans 200 1707 - 27.660 ms
GET /api/accommodations 200 402 - 24.452 ms
GET /api/places 200 326 - 26.580 ms
GET /api/plans 200 1707 - 25.103 ms
GET /api/places 200 326 - 25.380 ms
GET /api/accommodations 200 402 - 30.839 ms
GET /api/plans 200 1707 - 34.001 ms
GET /api/accommodations 200 402 - 27.093 ms
GET /api/places 200 326 - 27.219 ms
GET /api/plans 200 1707 - 28.168 ms
GET /api/accommodations 200 402 - 29.983 ms
GET /api/places 200 326 - 26.623 ms
GET /api/plans 200 1707 - 29.959 ms
GET /api/places 200 326 - 27.264 ms
GET /api/accommodations 200 402 - 28.424 ms
GET /api/plans 200 1707 - 27.518 ms
GET /api/bookings/pl/M-9Iqw 200 2443 - 34.927 ms
GET /api/travel-agents 200 548 - 27.130 ms
GET /api/travel-agents 200 548 - 26.661 ms
GET /api/travel-agents 200 548 - 27.219 ms
GET /api/travel-agents 200 548 - 29.003 ms
GET /api/plans 200 1707 - 28.769 ms
GET /api/accommodations 200 402 - 24.766 ms
GET /api/places 200 326 - 24.127 ms
GET /api/plans 200 1707 - 28.338 ms
GET /api/accommodations 200 402 - 27.844 ms
GET /api/places 200 326 - 27.215 ms
GET /api/plans 200 1707 - 30.304 ms
GET /api/accommodations 200 402 - 28.404 ms
GET /api/places 200 326 - 27.056 ms
GET /api/plans 200 1707 - 68.215 ms
GET /api/accommodations 200 402 - 57.887 ms
GET /api/places 200 326 - 54.676 ms
GET /api/plans 200 1707 - 29.575 ms
GET /api/places 200 326 - 24.754 ms
GET /api/accommodations 200 402 - 28.762 ms
POST /api/accommodations/new 500 301 - 60.186 ms
POST /api/accommodations/new 500 318 - 105.824 ms
POST /api/accommodations/new 500 318 - 89.636 ms
POST /api/accommodations/new 500 318 - 263.267 ms
POST /api/accommodations/new 200 48 - 62.538 ms
GET /api/plans 200 1707 - 37.319 ms
GET /api/places 200 326 - 28.738 ms
GET /api/accommodations 200 745 - 56.663 ms
GET /api/plans 200 1707 - 34.780 ms
GET /api/accommodations 200 745 - 31.822 ms
GET /api/places 200 326 - 56.459 ms
GET /api/plans 200 1707 - 29.445 ms
GET /api/accommodations 200 745 - 26.730 ms
GET /api/places 200 326 - 27.839 ms
GET /api/plans 200 1707 - 30.223 ms
GET /api/accommodations 200 745 - 25.960 ms
GET /api/places 200 326 - 27.995 ms
POST /api/auth/login 200 726 - 125.829 ms
GET /api/plans 200 1707 - 27.611 ms
GET /api/plans 200 1707 - 31.310 ms
GET /api/accommodations 200 745 - 26.424 ms
GET /api/places 200 326 - 24.989 ms
GET /api/plans 200 1707 - 29.618 ms
GET /api/plans 200 1707 - 26.604 ms
GET /api/bookings/pl/M-9Iqw 200 2443 - 32.581 ms
POST /api/auth/login 200 800 - 430.239 ms
GET /api/plans 200 1707 - 26.452 ms
GET /api/plans 200 1707 - 32.327 ms
GET /api/accommodations 200 745 - 26.918 ms
GET /api/places 200 326 - 26.596 ms
GET /api/plans 200 1707 - 28.077 ms
GET /api/accommodations 200 745 - 27.953 ms
GET /api/places 200 326 - 27.778 ms
GET /api/places 200 326 - 1698.536 ms
GET /api/plans 200 1707 - 1714.858 ms
GET /api/accommodations 200 745 - 1712.005 ms
GET /api/customers 200 458 - 69.936 ms
POST /api/auth/register-customer 401 67 - 114.960 ms
POST /api/auth/register-customer 200 94 - 1176.412 ms
GET /api/auth/activate/eyJhbGciOiJIUzI1NiIsInR5cCI6IkpXVCJ9.eyJhY2NvdW50X2lkIjoiOGxNVkIzSEZUbklSSUciLCJ1c2VybmFtZSI6ImRlbW8tY3VzdG9tZXIiLCJlbWFpbCI6ImFkb3JpdGhtLnNhQGdtYWlsLmNvbSIsImFjY291bnRfdHlwZSI6ImN1c3RvbWVyIiwidHlwZSI6ImFjdGl2YXRpb25fa2V5IiwiaWF0IjoxNzE4Mjc4MjY4fQ.0HrE0CXTWx7uYt9JW9Tp9XlYJqvlDF2NB4foIKTJ87w 302 108 - 54.413 ms
POST /api/auth/login 200 649 - 112.233 ms
GET /api/plans 200 1707 - 32.112 ms
GET /api/plans 200 1707 - 70.427 ms
GET /api/plans 200 1707 - 26.743 ms
GET /api/plans 200 1707 - 34.688 ms
GET /api/plans 200 1707 - 28.171 ms
GET /api/plans 200 1707 - 27.733 ms
GET /api/plans 200 1707 - 31.087 ms
GET /api/plans 200 1707 - 30.305 ms
GET /api/plans 200 1707 - 27.317 ms
GET /api/plans 200 1707 - 28.649 ms
GET /api/plans 200 1707 - 28.828 ms
GET /api/plans 200 1707 - 28.250 ms
GET /api/plans 200 1707 - 27.940 ms
GET /api/plans 200 1707 - 28.686 ms
GET /api/plans 200 1707 - 27.853 ms
GET / 200 69 - 3.622 ms
GET /favicon.ico 404 150 - 4.101 ms
GET /api/plans 200 7262 - 67.178 ms
GET /api/plans 200 7262 - 32.799 ms
POST /api/auth/login 200 800 - 141.426 ms
GET /api/plans 200 7262 - 36.239 ms
GET /api/plans 200 7262 - 33.512 ms
GET /api/accommodations 200 1911 - 53.027 ms
GET /api/places 200 812 - 53.510 ms
GET /api/plans 200 7262 - 41.787 ms
GET /api/accommodations 200 1911 - 30.053 ms
GET /api/places 200 812 - 27.502 ms
GET /api/plans 200 7262 - 31.754 ms
GET /api/places 200 812 - 25.517 ms
GET /api/accommodations 200 1911 - 25.722 ms
GET /api/plans 200 7262 - 32.727 ms
GET /api/accommodations 200 1911 - 27.559 ms
GET /api/places 200 812 - 26.780 ms
GET /api/plans 200 7262 - 27.035 ms
GET /api/accommodations 200 1911 - 27.118 ms
GET /api/places 200 812 - 29.128 ms
GET /api/plans 200 7262 - 26.423 ms
GET /api/accommodations 200 1911 - 25.152 ms
GET /api/places 200 812 - 26.038 ms
GET /api/plans 200 7262 - 62.563 ms
GET /api/plans 200 7262 - 31.793 ms
GET /api/accommodations 200 1911 - 56.787 ms
GET /api/places 200 812 - 52.321 ms
GET /api/plans 200 7262 - 33.969 ms
GET /api/bookings/pl/5_b-dw 200 4878 - 34.945 ms
GET /api/bookings/pl/lLPiUB 200 4878 - 27.804 ms
GET /api/bookings/pl/M-9Iqw 200 4878 - 28.981 ms
GET /api/plans 200 7262 - 28.530 ms
GET /api/bookings/pl/lLPiUB 200 4878 - 25.454 ms
GET /api/bookings/pl/M-9Iqw 200 4878 - 27.533 ms
GET /api/bookings/pl/P!G2Vd 200 4878 - 26.698 ms
GET /api/plans 200 7262 - 34.661 ms
GET /api/accommodations 200 1911 - 25.893 ms
GET /api/places 200 812 - 24.152 ms
GET /api/plans 200 7262 - 33.722 ms
GET /api/accommodations 200 1911 - 30.004 ms
GET /api/places 200 812 - 31.624 ms
GET /api/accommodations 200 1911 - 26.976 ms
GET /api/places 200 812 - 27.823 ms
GET /api/plans 200 7262 - 61.830 ms
GET /api/plans 200 7262 - 27.567 ms
GET /api/places 200 812 - 24.894 ms
GET /api/accommodations 200 1911 - 28.149 ms
GET /api/plans/p/5_b-dw 200 1638 - 30.014 ms
GET /api/plans 200 7262 - 29.350 ms
GET /api/accommodations 200 1911 - 25.046 ms
GET /api/places 200 812 - 26.488 ms
GET /api/plans 200 7262 - 34.165 ms
GET /api/accommodations 200 1911 - 24.895 ms
GET /api/places 200 812 - 27.586 ms
GET /api/plans 200 7262 - 28.195 ms
GET /api/accommodations 200 1911 - 28.471 ms
GET /api/places 200 812 - 26.351 ms
GET /api/plans/p/5_b-dw 200 1638 - 28.395 ms
GET /api/plans 200 7262 - 28.678 ms
GET /api/accommodations 200 1911 - 25.387 ms
GET /api/places 200 812 - 26.035 ms
GET /api/plans 200 7262 - 32.035 ms
GET /api/accommodations 200 1911 - 28.443 ms
GET /api/places 200 812 - 30.259 ms
GET /api/plans 200 7262 - 29.591 ms
GET /api/accommodations 200 1911 - 27.396 ms
GET /api/places 200 812 - 28.413 ms
GET /api/plans/p/5_b-dw 200 1638 - 28.261 ms
GET /api/plans/p/lLPiUB 200 1791 - 28.006 ms
GET /api/plans/p/M-9Iqw 200 1705 - 30.155 ms
GET /api/plans 200 7262 - 26.061 ms
GET /api/accommodations 200 1911 - 25.892 ms
GET /api/places 200 812 - 25.791 ms
GET /api/plans/p/5_b-dw 200 1638 - 29.500 ms
GET /api/plans/p/5_b-dw 200 1638 - 29.985 ms
GET /api/plans 200 7262 - 31.077 ms
GET /api/accommodations 200 1911 - 25.587 ms
GET /api/places 200 812 - 24.329 ms
GET /api/plans 200 7262 - 29.639 ms
GET /api/accommodations 200 1911 - 26.828 ms
GET /api/places 200 812 - 24.579 ms
GET /api/plans/p/5_b-dw 200 1638 - 26.069 ms
GET /api/plans 200 7262 - 29.516 ms
GET /api/accommodations 200 1911 - 26.192 ms
GET /api/places 200 812 - 29.045 ms
GET /api/plans 200 7262 - 28.176 ms
GET /api/accommodations 200 1911 - 29.044 ms
GET /api/places 200 812 - 26.710 ms
GET /api/plans 200 7262 - 32.221 ms
GET /api/accommodations 200 1911 - 26.802 ms
GET /api/places 200 812 - 25.770 ms
GET /api/plans 200 7262 - 29.371 ms
GET /api/accommodations 200 1911 - 26.463 ms
GET /api/places 200 812 - 24.509 ms
GET /api/plans/p/5_b-dw 200 1638 - 28.755 ms
GET /api/plans 200 7262 - 25.590 ms
GET /api/accommodations 200 1911 - 25.624 ms
GET /api/places 200 812 - 25.039 ms
GET /api/plans/p/5_b-dw 200 1638 - 36.097 ms
GET /api/plans/p/5_b-dw 200 1638 - 26.020 ms
GET /api/plans/p/5_b-dw 200 1638 - 33.325 ms
GET /api/plans 200 7262 - 31.409 ms
GET /api/accommodations 200 1911 - 39.998 ms
GET /api/places 200 812 - 32.781 ms
GET /api/plans 200 7262 - 27.371 ms
GET /api/accommodations 200 1911 - 25.914 ms
GET /api/places 200 812 - 26.888 ms
GET /api/plans/p/5_b-dw 200 1638 - 27.787 ms
GET /api/plans 200 7262 - 25.183 ms
GET /api/accommodations 200 1911 - 25.505 ms
GET /api/places 200 812 - 24.884 ms
GET /api/plans 200 7262 - 26.063 ms
GET /api/accommodations 200 1911 - 26.343 ms
GET /api/places 200 812 - 25.340 ms
GET /api/plans 200 7262 - 31.461 ms
GET /api/accommodations 200 1911 - 25.672 ms
GET /api/places 200 812 - 27.521 ms
GET /api/plans 200 7262 - 33.501 ms
GET /api/accommodations 200 1911 - 30.449 ms
GET /api/places 200 812 - 25.551 ms
GET /api/plans 200 7262 - 30.352 ms
GET /api/accommodations 200 1911 - 27.219 ms
GET /api/places 200 812 - 25.767 ms
GET /api/plans 200 7262 - 29.227 ms
GET /api/accommodations 200 1911 - 28.848 ms
GET /api/places 200 812 - 25.182 ms
GET /api/plans/p/5_b-dw 200 1638 - 26.255 ms
GET /api/plans 200 7262 - 29.987 ms
GET /api/accommodations 200 1911 - 25.932 ms
GET /api/places 200 812 - 26.462 ms
GET /api/plans/p/5_b-dw 200 1638 - 26.346 ms
PUT /api/plans/p/5_b-dw 500 34 - 35.697 ms
GET /api/plans 200 7262 - 62.572 ms
GET /api/accommodations 200 1911 - 61.034 ms
GET /api/places 200 812 - 57.179 ms
GET /api/plans/p/5_b-dw 200 1638 - 32.861 ms
PUT /api/plans/p/5_b-dw 500 34 - 32.842 ms
GET /api/plans 200 7262 - 34.656 ms
GET /api/accommodations 200 1911 - 27.730 ms
GET /api/places 200 812 - 25.385 ms
GET /api/plans 200 7262 - 78.964 ms
GET /api/accommodations 200 1911 - 81.711 ms
GET /api/places 200 812 - 77.387 ms
GET /api/plans/p/5_b-dw 200 1638 - 29.030 ms
PUT /api/plans/p/5_b-dw 400 81 - 31.385 ms
GET /api/plans/p/5_b-dw 200 1638 - 68.112 ms
PUT /api/plans/p/5_b-dw 400 81 - 34.565 ms
GET /api/plans/p/5_b-dw 200 1638 - 72.167 ms
PUT /api/plans/p/5_b-dw 500 304 - 69.084 ms
GET /api/plans/p/5_b-dw 200 1638 - 73.784 ms
PUT /api/plans/p/5_b-dw 500 304 - 71.118 ms
GET /api/plans/p/5_b-dw 200 1638 - 31.221 ms
GET /api/plans/p/5_b-dw 200 1638 - 62.368 ms
PUT /api/plans/p/5_b-dw 200 61 - 32.348 ms
GET /api/plans 200 7262 - 38.540 ms
GET /api/accommodations 200 1911 - 28.309 ms
GET /api/places 200 812 - 53.415 ms
GET /api/plans/p/5_b-dw 200 1638 - 61.347 ms
PUT /api/plans/p/5_b-dw 200 61 - 33.378 ms
GET /api/plans 200 7275 - 30.278 ms
GET /api/accommodations 200 1911 - 52.569 ms
GET /api/places 200 812 - 53.294 ms
GET /api/plans/p/5_b-dw 200 1651 - 31.080 ms
GET /api/plans/p/5_b-dw 200 1651 - 28.607 ms
PUT /api/plans/p/5_b-dw 200 61 - 27.048 ms
GET /api/plans 200 7293 - 31.286 ms
GET /api/accommodations 200 1911 - 29.469 ms
GET /api/places 200 812 - 24.448 ms
GET /api/plans 200 7293 - 51.093 ms
GET /api/places 200 812 - 36.075 ms
GET /api/accommodations 200 1911 - 48.527 ms
GET /api/plans 200 7293 - 32.386 ms
GET /api/accommodations 200 1911 - 26.037 ms
GET /api/places 200 812 - 24.352 ms
GET /api/plans 200 7293 - 31.207 ms
GET /api/accommodations 200 1911 - 25.487 ms
GET /api/places 200 812 - 24.396 ms
GET /api/plans 200 7293 - 29.390 ms
GET /api/bookings/pl/5_b-dw 200 4878 - 34.597 ms
GET /api/bookings/pl/5_b-dw 500 273 - 99.293 ms
GET /api/bookings/pl/5_b-dw 200 1228 - 62.581 ms
GET /api/bookings/pl/lLPiUB 200 2 - 34.930 ms
GET /api/bookings/pl/M-9Iqw 200 3651 - 25.807 ms
GET /api/bookings/pl/P!G2Vd 200 2 - 28.666 ms
GET /api/plans 200 7293 - 30.611 ms
GET /api/plans 200 7293 - 27.709 ms
GET /api/bookings/pl/5_b-dw 200 1228 - 27.992 ms
GET /api/bookings/pl/lLPiUB 200 2 - 27.721 ms
GET /api/bookings/pl/M-9Iqw 200 3651 - 27.185 ms
GET /api/bookings/pl/P!G2Vd 200 2 - 28.088 ms
GET /api/bookings/pl/5_b-dw 200 1228 - 27.322 ms
GET /api/plans 200 7293 - 29.080 ms
POST /api/auth/login 200 681 - 127.041 ms
GET /api/plans 200 7293 - 28.160 ms
GET /api/plans 200 7293 - 29.450 ms
GET /api/plans 200 7293 - 29.224 ms
GET /api/plans 200 7293 - 30.168 ms
GET /api/plans 200 7293 - 32.075 ms
GET /api/plans 200 7293 - 30.750 ms
GET /api/plans 200 7293 - 32.081 ms
GET /api/plans 200 7293 - 28.495 ms
GET /api/plans 200 7293 - 28.640 ms
GET /api/bookings/pl/5_b-dw 200 1228 - 27.880 ms
GET /api/plans 200 7293 - 26.973 ms
GET /api/plans 200 7293 - 26.945 ms
GET /api/bookings/pl/lLPiUB 200 2 - 27.282 ms
GET /api/bookings/pl/M-9Iqw 200 3651 - 30.942 ms
GET /api/bookings/pl/5_b-dw 200 1228 - 26.932 ms
GET /api/bookings/pl/lLPiUB 200 2 - 25.664 ms
GET /api/bookings/pl/P!G2Vd 200 2 - 27.298 ms
GET /api/plans 200 7293 - 28.312 ms
GET /api/plans 200 7293 - 29.067 ms
GET /api/plans 200 7293 - 30.753 ms
GET /api/plans 200 7293 - 27.672 ms
GET /api/plans 200 7293 - 28.388 ms
POST /api/auth/login 200 800 - 128.360 ms
GET /api/plans 200 7293 - 27.361 ms
GET /api/plans/p/5_b-dw 200 1669 - 28.979 ms
GET /api/customers 200 2732 - 29.341 ms
GET /api/plans 200 7293 - 34.689 ms
GET /api/accommodations 200 1911 - 56.085 ms
GET /api/places 200 812 - 54.331 ms
GET /api/plans 200 7293 - 28.816 ms
GET /api/accommodations 200 1911 - 28.612 ms
GET /api/places 200 812 - 26.355 ms
GET /api/plans 200 7293 - 28.350 ms
GET /api/accommodations 200 1911 - 26.416 ms
GET /api/places 200 812 - 25.317 ms
GET /api/plans 200 7293 - 32.108 ms
GET /api/accommodations 200 1911 - 29.779 ms
GET /api/places 200 812 - 26.438 ms
GET /api/plans 200 7293 - 28.411 ms
GET /api/accommodations 200 1911 - 26.270 ms
GET /api/places 200 812 - 26.873 ms
POST /api/auth/login 200 681 - 122.818 ms
GET /api/plans 200 7293 - 27.164 ms
GET /api/plans 200 7293 - 26.751 ms
POST /api/auth/login 200 800 - 165.139 ms
GET /api/plans 200 7293 - 33.238 ms
GET /api/plans 200 7293 - 32.326 ms
GET /api/accommodations 200 1911 - 53.868 ms
GET /api/places 200 812 - 50.579 ms
GET /api/plans/p/5_b-dw 200 1669 - 28.832 ms
POST /api/auth/login 200 681 - 111.927 ms
GET /api/plans 200 7293 - 30.371 ms
GET /api/plans 200 7293 - 38.058 ms
GET /api/plans/p/5_b-dw 200 1669 - 32.356 ms
POST /api/auth/login 400 63 - 149.467 ms
POST /api/auth/login 200 800 - 106.986 ms
GET /api/plans 200 7293 - 28.766 ms
GET /api/plans 200 7293 - 32.665 ms
GET /api/accommodations 200 1911 - 31.902 ms
GET /api/places 200 812 - 25.938 ms
GET /api/plans/p/5_b-dw 200 1669 - 32.188 ms
POST /api/auth/login 200 681 - 129.623 ms
GET /api/plans 200 7293 - 29.179 ms
GET /api/plans 200 7293 - 30.265 ms
GET /api/bookings/cs/cUhnmmXt1WkbHg 200 2 - 152.728 ms
GET /api/bookings/cs/cUhnmmXt1WkbHg 200 2 - 125.633 ms
GET /api/bookings/cs/cUhnmmXt1WkbHg 200 5593 - 122.710 ms
POST /api/auth/login 200 800 - 112.437 ms
GET /api/plans 200 7293 - 30.958 ms
GET /api/bookings/cs/cUhnmmXt1WkbHg 200 5593 - 111.400 ms
GET /api/bookings/cs/cUhnmmXt1WkbHg 200 5593 - 76.085 ms
GET /api/bookings/cs/cUhnmmXt1WkbHg 200 5593 - 83.865 ms
GET /api/bookings/cs/cUhnmmXt1WkbHg 200 5593 - 80.855 ms
GET /api/bookings/cs/cUhnmmXt1WkbHg 200 5593 - 77.154 ms
GET /api/bookings/cs/cUhnmmXt1WkbHg 200 5593 - 79.174 ms
GET /api/bookings/cs/cUhnmmXt1WkbHg 200 5593 - 76.791 ms
GET /api/bookings/cs/cUhnmmXt1WkbHg 200 5593 - 75.382 ms
GET /api/bookings/cs/cUhnmmXt1WkbHg 200 5593 - 75.226 ms
GET /api/bookings/cs/cUhnmmXt1WkbHg 200 5593 - 76.210 ms
GET /api/bookings/cs/cUhnmmXt1WkbHg 200 5593 - 79.681 ms
GET /api/bookings/cs/cUhnmmXt1WkbHg 200 5593 - 76.379 ms
GET /api/bookings/cs/cUhnmmXt1WkbHg 200 5593 - 74.423 ms
GET /api/bookings/cs/cUhnmmXt1WkbHg 200 5593 - 78.548 ms
GET /api/bookings/cs/cUhnmmXt1WkbHg 200 5593 - 78.686 ms
GET /api/bookings/cs/cUhnmmXt1WkbHg 200 5593 - 74.794 ms
GET /api/bookings/cs/cUhnmmXt1WkbHg 200 5593 - 76.775 ms
GET /api/bookings/cs/cUhnmmXt1WkbHg 200 5593 - 79.864 ms
GET /api/bookings/cs/cUhnmmXt1WkbHg 200 5593 - 74.563 ms
GET /api/bookings/cs/cUhnmmXt1WkbHg 200 5593 - 92.797 ms
GET /api/bookings/cs/cUhnmmXt1WkbHg 200 5593 - 83.516 ms
GET /api/bookings/cs/cUhnmmXt1WkbHg 200 5593 - 81.690 ms
GET /api/bookings/cs/cUhnmmXt1WkbHg 200 5669 - 125.918 ms
GET /api/bookings/cs/cUhnmmXt1WkbHg 200 5669 - 85.964 ms
GET /api/bookings/cs/cUhnmmXt1WkbHg 200 5669 - 88.711 ms
GET /api/bookings/cs/cUhnmmXt1WkbHg 200 5669 - 77.126 ms
GET /api/bookings/cs/cUhnmmXt1WkbHg 200 5669 - 80.658 ms
GET /api/bookings/cs/cUhnmmXt1WkbHg 200 5669 - 82.962 ms
GET /api/bookings/cs/cUhnmmXt1WkbHg 200 5669 - 75.059 ms
GET /api/bookings/cs/cUhnmmXt1WkbHg 200 5669 - 79.605 ms
GET /api/bookings/cs/cUhnmmXt1WkbHg 200 5669 - 77.208 ms
GET /api/bookings/cs/cUhnmmXt1WkbHg 200 5669 - 73.276 ms
GET /api/bookings/cs/cUhnmmXt1WkbHg 200 5669 - 73.712 ms
GET /api/bookings/cs/cUhnmmXt1WkbHg 200 5669 - 83.435 ms
GET /api/bookings/cs/cUhnmmXt1WkbHg 200 5669 - 74.978 ms
GET /api/bookings/cs/cUhnmmXt1WkbHg 200 5669 - 74.777 ms
GET /api/bookings/cs/cUhnmmXt1WkbHg 200 5669 - 80.268 ms
GET /api/bookings/cs/cUhnmmXt1WkbHg 200 5669 - 76.372 ms
GET /api/bookings/cs/cUhnmmXt1WkbHg 200 5669 - 77.068 ms
GET /api/bookings/cs/cUhnmmXt1WkbHg 200 5669 - 75.794 ms
GET /api/bookings/cs/cUhnmmXt1WkbHg 200 5669 - 82.644 ms
GET /api/bookings/cs/cUhnmmXt1WkbHg 200 5669 - 78.229 ms
GET /api/bookings/cs/cUhnmmXt1WkbHg 200 5669 - 77.185 ms
GET /api/bookings/cs/cUhnmmXt1WkbHg 200 5669 - 77.005 ms
GET /api/bookings/cs/cUhnmmXt1WkbHg 200 5669 - 72.971 ms
GET /api/bookings/cs/cUhnmmXt1WkbHg 200 5669 - 85.530 ms
GET /api/bookings/cs/cUhnmmXt1WkbHg 200 5669 - 121.617 ms
GET /api/bookings/cs/cUhnmmXt1WkbHg 200 5669 - 89.769 ms
GET /api/bookings/cs/cUhnmmXt1WkbHg 200 5669 - 76.805 ms
GET /api/bookings/cs/cUhnmmXt1WkbHg 200 5669 - 74.481 ms
GET /api/bookings/cs/cUhnmmXt1WkbHg 200 5669 - 79.988 ms
GET /api/bookings/cs/cUhnmmXt1WkbHg 200 5669 - 74.598 ms
GET /api/bookings/cs/cUhnmmXt1WkbHg 200 5669 - 81.614 ms
GET /api/bookings/cs/cUhnmmXt1WkbHg 200 5669 - 74.254 ms
GET /api/bookings/cs/cUhnmmXt1WkbHg 200 5669 - 77.576 ms
GET /api/bookings/cs/cUhnmmXt1WkbHg 200 5669 - 80.360 ms
GET /api/bookings/cs/cUhnmmXt1WkbHg 200 5669 - 78.863 ms
GET /api/bookings/cs/cUhnmmXt1WkbHg 200 5669 - 75.425 ms
GET /api/bookings/cs/cUhnmmXt1WkbHg 200 5669 - 79.043 ms
GET /api/bookings/cs/cUhnmmXt1WkbHg 200 5669 - 76.156 ms
DELETE /api/bookings/cs/cUhnmmXt1WkbHg/-AfJQ_-w94P0Zr 500 116 - 32.153 ms
GET /api/bookings/cs/cUhnmmXt1WkbHg 200 5669 - 78.853 ms
DELETE /api/bookings/cs/cUhnmmXt1WkbHg/-AfJQ_-w94P0Zr 500 121 - 55.911 ms
DELETE /api/bookings/cs/cUhnmmXt1WkbHg/-AfJQ_-w94P0Zr 200 37 - 67.754 ms
GET /api/bookings/cs/cUhnmmXt1WkbHg 200 2835 - 95.020 ms
GET /?hash=Expert1N.L!VE 200 139 - 73.518 ms
GET /?hash=%9TfhL5iJ^rmG!K3nKCh 200 139 - 80.476 ms
